2025-02-05 15:07:17,644:INFO - Initial state:
2025-02-05 15:07:17,644:INFO - Gold price: $1900.00
2025-02-05 15:07:17,644:INFO - RSI_Gold_mtm: 1.5789 gold @ $1900.00 + $7000.00 cash = $10000.00
2025-02-05 15:07:17,644:INFO - RSI_Gold_ctn: 1.5789 gold @ $1900.00 + $7000.00 cash = $10000.00
2025-02-05 15:07:18,109:INFO - Successfully connected to Supabase
2025-02-05 15:07:18,621:INFO - Initialized indices table with Gold, RSI_Gold_mtm, RSI_Gold_ctn
2025-02-05 15:07:18,621:INFO - Starting feed engine aggregator with real gold-based RSI portfolios...
2025-02-05 15:07:18,801:INFO - Updated Gold => 1901.38
2025-02-05 15:07:19,130:INFO - Updated RSI_Gold_mtm => 10002.19
2025-02-05 15:07:19,296:INFO - Updated RSI_Gold_ctn => 10002.19
2025-02-05 15:07:19,304:INFO - server listening on [::1]:8765
2025-02-05 15:07:19,305:INFO - server listening on 127.0.0.1:8765
2025-02-05 15:07:19,305:INFO - WebSocket server running on ws://localhost:8765
2025-02-05 15:07:19,305:INFO - Press Ctrl+C to stop
2025-02-05 15:07:19,466:INFO - Updated Gold => 1900.11
2025-02-05 15:07:19,637:INFO - Updated RSI_Gold_mtm => 10000.17
2025-02-05 15:07:19,806:INFO - Updated RSI_Gold_ctn => 10000.17
2025-02-05 15:07:19,882:INFO - connection open
2025-02-05 15:07:19,882:INFO - Client connected. Total clients: 1
2025-02-05 15:07:19,882:INFO - Sent initial price snapshot to client
2025-02-05 15:07:19,883:INFO - Sent initial positions snapshot to client
2025-02-05 15:07:20,990:INFO - Updated Gold => 1901.33
2025-02-05 15:07:21,216:INFO - Updated RSI_Gold_mtm => 10002.10
2025-02-05 15:07:21,382:INFO - Updated RSI_Gold_ctn => 10002.10
2025-02-05 15:07:22,553:INFO - Updated Gold => 1902.43
2025-02-05 15:07:22,720:INFO - Updated RSI_Gold_mtm => 10003.83
2025-02-05 15:07:22,905:INFO - Updated RSI_Gold_ctn => 10003.83
2025-02-05 15:07:24,061:INFO - Updated Gold => 1903.23
2025-02-05 15:07:24,229:INFO - Updated RSI_Gold_mtm => 10005.10
2025-02-05 15:07:24,395:INFO - Updated RSI_Gold_ctn => 10005.10
2025-02-05 15:07:25,559:INFO - Updated Gold => 1902.79
2025-02-05 15:07:25,723:INFO - Updated RSI_Gold_mtm => 10004.40
2025-02-05 15:07:25,903:INFO - Updated RSI_Gold_ctn => 10004.40
2025-02-05 15:07:27,066:INFO - Updated Gold => 1903.97
2025-02-05 15:07:27,238:INFO - Updated RSI_Gold_mtm => 10006.27
2025-02-05 15:07:27,434:INFO - Updated RSI_Gold_ctn => 10006.27
2025-02-05 15:07:28,631:INFO - Updated Gold => 1904.57
2025-02-05 15:07:28,802:INFO - Updated RSI_Gold_mtm => 10007.22
2025-02-05 15:07:28,968:INFO - Updated RSI_Gold_ctn => 10007.22
2025-02-05 15:07:30,146:INFO - Updated Gold => 1903.54
2025-02-05 15:07:30,321:INFO - Updated RSI_Gold_mtm => 10005.59
2025-02-05 15:07:30,479:INFO - Updated RSI_Gold_ctn => 10005.59
2025-02-05 15:07:31,702:INFO - Updated Gold => 1902.46
2025-02-05 15:07:31,875:INFO - Updated RSI_Gold_mtm => 10003.89
2025-02-05 15:07:32,040:INFO - Updated RSI_Gold_ctn => 10003.89
2025-02-05 15:07:33,283:INFO - Updated Gold => 1902.11
2025-02-05 15:07:33,435:INFO - Updated RSI_Gold_mtm => 10003.34
2025-02-05 15:07:33,609:INFO - Updated RSI_Gold_ctn => 10003.34
2025-02-05 15:07:34,777:INFO - Updated Gold => 1900.95
2025-02-05 15:07:34,938:INFO - Updated RSI_Gold_mtm => 10001.49
2025-02-05 15:07:35,094:INFO - Updated RSI_Gold_ctn => 10001.49
2025-02-05 15:07:35,095:INFO - Client disconnected. Total clients: 0
2025-02-05 15:07:35,096:INFO - connection open
2025-02-05 15:07:35,096:INFO - Client connected. Total clients: 1
2025-02-05 15:07:35,096:INFO - Sent initial price snapshot to client
2025-02-05 15:07:35,096:INFO - Sent initial positions snapshot to client
2025-02-05 15:07:35,096:INFO - connection closed
2025-02-05 15:07:36,270:INFO - Updated Gold => 1900.50
2025-02-05 15:07:36,454:INFO - Updated RSI_Gold_mtm => 10000.79
2025-02-05 15:07:36,608:INFO - Updated RSI_Gold_ctn => 10000.79
2025-02-05 15:07:37,208:INFO - Client disconnected. Total clients: 0
2025-02-05 15:07:37,208:INFO - connection closed
2025-02-05 15:07:37,216:INFO - connection open
2025-02-05 15:07:37,216:INFO - Client connected. Total clients: 1
2025-02-05 15:07:37,216:INFO - Sent initial price snapshot to client
2025-02-05 15:07:37,216:INFO - Sent initial positions snapshot to client
2025-02-05 15:07:37,787:INFO - Updated Gold => 1898.92
2025-02-05 15:07:37,942:INFO - Updated RSI_Gold_mtm => 9998.29
2025-02-05 15:07:38,098:INFO - Updated RSI_Gold_ctn => 9998.29
2025-02-05 15:07:39,283:INFO - Updated Gold => 1900.50
2025-02-05 15:07:39,445:INFO - Updated RSI_Gold_mtm => 10000.78
2025-02-05 15:07:39,606:INFO - Updated RSI_Gold_ctn => 10000.78
2025-02-05 15:07:40,800:INFO - Updated Gold => 1899.66
2025-02-05 15:07:40,966:INFO - Updated RSI_Gold_mtm => 9999.46
2025-02-05 15:07:41,130:INFO - Updated RSI_Gold_ctn => 9999.46
2025-02-05 15:07:42,315:INFO - Updated Gold => 1899.49
2025-02-05 15:07:42,502:INFO - Updated RSI_Gold_mtm => 9999.20
2025-02-05 15:07:42,660:INFO - Updated RSI_Gold_ctn => 9999.20
2025-02-05 15:07:43,639:INFO - Client disconnected. Total clients: 0
2025-02-05 15:07:43,640:INFO - connection closed
2025-02-05 15:07:43,651:INFO - connection open
2025-02-05 15:07:43,651:INFO - Client connected. Total clients: 1
2025-02-05 15:07:43,652:INFO - Sent initial price snapshot to client
2025-02-05 15:07:43,652:INFO - Sent initial positions snapshot to client
2025-02-05 15:07:43,821:INFO - Updated Gold => 1897.99
2025-02-05 15:07:44,003:INFO - Updated RSI_Gold_mtm => 9996.83
2025-02-05 15:07:44,276:INFO - Updated RSI_Gold_ctn => 9996.83
2025-02-05 15:07:45,457:INFO - Updated Gold => 1896.93
2025-02-05 15:07:45,683:INFO - Updated RSI_Gold_mtm => 9995.15
2025-02-05 15:07:45,850:INFO - Updated RSI_Gold_ctn => 9995.15
2025-02-05 15:07:47,032:INFO - Updated Gold => 1898.01
2025-02-05 15:07:47,190:INFO - Updated RSI_Gold_mtm => 9996.86
2025-02-05 15:07:47,460:INFO - Updated RSI_Gold_ctn => 9996.86
2025-02-05 15:07:48,626:INFO - Updated Gold => 1899.77
2025-02-05 15:07:48,848:INFO - Updated RSI_Gold_mtm => 9999.64
2025-02-05 15:07:49,021:INFO - Updated RSI_Gold_ctn => 9999.64
2025-02-05 15:07:49,022:INFO - Client disconnected. Total clients: 0
2025-02-05 15:07:49,023:INFO - connection closed
2025-02-05 15:07:49,023:INFO - connection open
2025-02-05 15:07:49,023:INFO - Client connected. Total clients: 1
2025-02-05 15:07:49,024:INFO - Sent initial price snapshot to client
2025-02-05 15:07:49,024:INFO - Sent initial positions snapshot to client
2025-02-05 15:07:50,176:INFO - Updated Gold => 1900.78
2025-02-05 15:07:50,335:INFO - Updated RSI_Gold_mtm => 10001.23
2025-02-05 15:07:50,583:INFO - Updated RSI_Gold_ctn => 10001.23
2025-02-05 15:07:51,832:INFO - Updated Gold => 1902.18
2025-02-05 15:07:52,078:INFO - Updated RSI_Gold_mtm => 10003.45
2025-02-05 15:07:52,237:INFO - Updated RSI_Gold_ctn => 10003.45
2025-02-05 15:07:53,411:INFO - Updated Gold => 1901.02
2025-02-05 15:07:53,569:INFO - Updated RSI_Gold_mtm => 10001.62
2025-02-05 15:07:53,757:INFO - Updated RSI_Gold_ctn => 10001.62
2025-02-05 15:07:54,963:INFO - Updated Gold => 1899.23
2025-02-05 15:07:55,145:INFO - Updated RSI_Gold_mtm => 9998.78
2025-02-05 15:07:55,310:INFO - Updated RSI_Gold_ctn => 9998.78
2025-02-05 15:07:56,497:INFO - Updated Gold => 1898.77
2025-02-05 15:07:56,658:INFO - Updated RSI_Gold_mtm => 9998.06
2025-02-05 15:07:56,830:INFO - Updated RSI_Gold_ctn => 9998.06
2025-02-05 15:07:58,029:INFO - Updated Gold => 1899.77
2025-02-05 15:07:58,230:INFO - Updated RSI_Gold_mtm => 9999.64
2025-02-05 15:07:58,390:INFO - Updated RSI_Gold_ctn => 9999.64
2025-02-05 15:07:58,957:INFO - Client disconnected. Total clients: 0
2025-02-05 15:07:58,957:INFO - connection closed
2025-02-05 15:07:58,972:INFO - connection open
2025-02-05 15:07:58,973:INFO - Client connected. Total clients: 1
2025-02-05 15:07:58,973:INFO - Sent initial price snapshot to client
2025-02-05 15:07:58,973:INFO - Sent initial positions snapshot to client
2025-02-05 15:07:59,564:INFO - Updated Gold => 1898.06
2025-02-05 15:07:59,720:INFO - Updated RSI_Gold_mtm => 9996.93
2025-02-05 15:07:59,888:INFO - Updated RSI_Gold_ctn => 9996.93
2025-02-05 15:08:01,081:INFO - Updated Gold => 1899.37
2025-02-05 15:08:01,241:INFO - Updated RSI_Gold_mtm => 9999.00
2025-02-05 15:08:01,394:INFO - Updated RSI_Gold_ctn => 9999.00
2025-02-05 15:08:02,761:INFO - Updated Gold => 1898.25
2025-02-05 15:08:02,929:INFO - Updated RSI_Gold_mtm => 9997.23
2025-02-05 15:08:03,087:INFO - Updated RSI_Gold_ctn => 9997.23
2025-02-05 15:08:04,236:INFO - Updated Gold => 1897.74
2025-02-05 15:08:04,484:INFO - Updated RSI_Gold_mtm => 9996.44
2025-02-05 15:08:04,796:INFO - Updated RSI_Gold_ctn => 9996.44
2025-02-05 15:08:05,981:INFO - Updated Gold => 1898.73
2025-02-05 15:08:06,147:INFO - Updated RSI_Gold_mtm => 9997.99
2025-02-05 15:08:06,321:INFO - Updated RSI_Gold_ctn => 9997.99
2025-02-05 15:08:07,510:INFO - Updated Gold => 1897.32
2025-02-05 15:08:07,687:INFO - Updated RSI_Gold_mtm => 9995.76
2025-02-05 15:08:07,867:INFO - Updated RSI_Gold_ctn => 9995.76
2025-02-05 15:08:09,043:INFO - Updated Gold => 1897.58
2025-02-05 15:08:09,211:INFO - Updated RSI_Gold_mtm => 9996.18
2025-02-05 15:08:09,373:INFO - Updated RSI_Gold_ctn => 9996.18
2025-02-05 15:08:10,532:INFO - Updated Gold => 1899.23
2025-02-05 15:08:10,691:INFO - Updated RSI_Gold_mtm => 9998.79
2025-02-05 15:08:10,844:INFO - Updated RSI_Gold_ctn => 9998.79
2025-02-05 15:08:12,004:INFO - Updated Gold => 1898.00
2025-02-05 15:08:12,195:INFO - Updated RSI_Gold_mtm => 9996.84
2025-02-05 15:08:12,398:INFO - Updated RSI_Gold_ctn => 9996.84
2025-02-05 15:08:13,594:INFO - Updated Gold => 1898.10
2025-02-05 15:08:13,594:INFO - RSI_Gold_mtm: Sold 1 gold at 1898.1019586708453, new positions: 0.5789473684210527, cash: 8898.101958670846
2025-02-05 15:08:13,759:INFO - Updated RSI_Gold_mtm => 9997.00
2025-02-05 15:08:13,917:INFO - Updated RSI_Gold_ctn => 9997.00
2025-02-05 15:08:14,711:INFO - Client disconnected. Total clients: 0
2025-02-05 15:08:14,712:INFO - connection closed
2025-02-05 15:08:14,731:INFO - connection open
2025-02-05 15:08:14,731:INFO - Client connected. Total clients: 1
2025-02-05 15:08:14,732:INFO - Sent initial price snapshot to client
2025-02-05 15:08:14,732:INFO - Sent initial positions snapshot to client
2025-02-05 15:08:15,095:INFO - Updated Gold => 1896.92
2025-02-05 15:08:15,261:INFO - Updated RSI_Gold_mtm => 9996.32
2025-02-05 15:08:15,459:INFO - Updated RSI_Gold_ctn => 9995.14
2025-02-05 15:08:16,619:INFO - Updated Gold => 1896.61
2025-02-05 15:08:16,619:INFO - RSI_Gold_mtm: Sold 1 gold at 1896.6066644509235, new positions: -0.42105263157894735, cash: 10794.708623121769
2025-02-05 15:08:16,798:INFO - Updated RSI_Gold_mtm => 9996.14
2025-02-05 15:08:16,966:INFO - Updated RSI_Gold_ctn => 9994.64
2025-02-05 15:08:18,164:INFO - Updated Gold => 1896.94
2025-02-05 15:08:18,326:INFO - Updated RSI_Gold_mtm => 9996.00
2025-02-05 15:08:18,539:INFO - Updated RSI_Gold_ctn => 9995.17
2025-02-05 15:08:19,725:INFO - Updated Gold => 1897.97
2025-02-05 15:08:19,895:INFO - Updated RSI_Gold_mtm => 9995.56
2025-02-05 15:08:20,062:INFO - Updated RSI_Gold_ctn => 9996.80
2025-02-05 15:08:21,228:INFO - Updated Gold => 1897.45
2025-02-05 15:08:21,394:INFO - Updated RSI_Gold_mtm => 9995.78
2025-02-05 15:08:21,571:INFO - Updated RSI_Gold_ctn => 9995.98
2025-02-05 15:08:22,413:INFO - Client disconnected. Total clients: 0
2025-02-05 15:08:22,413:INFO - connection closed
2025-02-05 15:08:22,424:INFO - connection open
2025-02-05 15:08:22,424:INFO - Client connected. Total clients: 1
2025-02-05 15:08:22,424:INFO - Sent initial price snapshot to client
2025-02-05 15:08:22,424:INFO - Sent initial positions snapshot to client
2025-02-05 15:08:22,724:INFO - Updated Gold => 1896.36
2025-02-05 15:08:22,902:INFO - Updated RSI_Gold_mtm => 9996.24
2025-02-05 15:08:23,054:INFO - Updated RSI_Gold_ctn => 9994.25
2025-02-05 15:08:24,230:INFO - Updated Gold => 1894.52
2025-02-05 15:08:24,400:INFO - Updated RSI_Gold_mtm => 9997.01
2025-02-05 15:08:24,562:INFO - Updated RSI_Gold_ctn => 9991.35
2025-02-05 15:08:25,755:INFO - Updated Gold => 1893.35
2025-02-05 15:08:25,927:INFO - Updated RSI_Gold_mtm => 9997.51
2025-02-05 15:08:26,085:INFO - Updated RSI_Gold_ctn => 9989.50
2025-02-05 15:08:27,297:INFO - Updated Gold => 1894.46
2025-02-05 15:08:27,450:INFO - Updated RSI_Gold_mtm => 9997.04
2025-02-05 15:08:27,608:INFO - Updated RSI_Gold_ctn => 9991.25
2025-02-05 15:08:28,802:INFO - Updated Gold => 1894.78
2025-02-05 15:08:28,971:INFO - Updated RSI_Gold_mtm => 9996.90
2025-02-05 15:08:29,161:INFO - Updated RSI_Gold_ctn => 9991.77
2025-02-05 15:08:30,376:INFO - Updated Gold => 1895.31
2025-02-05 15:08:30,543:INFO - Updated RSI_Gold_mtm => 9996.68
2025-02-05 15:08:30,544:INFO - Removed dead client. Total clients: 0
2025-02-05 15:08:30,702:INFO - Updated RSI_Gold_ctn => 9992.59
2025-02-05 15:08:30,703:ERROR - connection handler failed
Traceback (most recent call last):
  File "/opt/anaconda3/lib/python3.12/site-packages/websockets/legacy/server.py", line 236, in handler
    await self.ws_handler(self)
  File "/Users/matthewchan/Documents/Repos/risk-monitoring-project/feed-engine.py", line 178, in register_client
    connected_clients.remove(websocket)
KeyError: <websockets.legacy.server.WebSocketServerProtocol object at 0x105868da0>
2025-02-05 15:08:30,706:INFO - connection closed
2025-02-05 15:08:30,707:INFO - connection open
2025-02-05 15:08:30,707:INFO - Client connected. Total clients: 1
2025-02-05 15:08:30,707:INFO - Sent initial price snapshot to client
2025-02-05 15:08:30,707:INFO - Sent initial positions snapshot to client
2025-02-05 15:08:31,923:INFO - Updated Gold => 1897.16
2025-02-05 15:08:32,144:INFO - Updated RSI_Gold_mtm => 9995.90
2025-02-05 15:08:32,301:INFO - Updated RSI_Gold_ctn => 9995.51
2025-02-05 15:08:33,572:INFO - Updated Gold => 1898.60
2025-02-05 15:08:33,737:INFO - Updated RSI_Gold_mtm => 9995.30
2025-02-05 15:08:33,911:INFO - Updated RSI_Gold_ctn => 9997.78
2025-02-05 15:08:35,113:INFO - Updated Gold => 1898.69
2025-02-05 15:08:35,296:INFO - Updated RSI_Gold_mtm => 9995.26
2025-02-05 15:08:35,468:INFO - Updated RSI_Gold_ctn => 9997.92
2025-02-05 15:08:36,635:INFO - Updated Gold => 1897.02
2025-02-05 15:08:36,799:INFO - Updated RSI_Gold_mtm => 9995.96
2025-02-05 15:08:36,958:INFO - Updated RSI_Gold_ctn => 9995.29
2025-02-05 15:08:37,897:INFO - Client disconnected. Total clients: 0
2025-02-05 15:08:37,898:INFO - connection closed
2025-02-05 15:08:37,909:INFO - connection open
2025-02-05 15:08:37,909:INFO - Client connected. Total clients: 1
2025-02-05 15:08:37,910:INFO - Sent initial price snapshot to client
2025-02-05 15:08:37,910:INFO - Sent initial positions snapshot to client
2025-02-05 15:08:38,157:INFO - Updated Gold => 1895.15
2025-02-05 15:08:38,320:INFO - Updated RSI_Gold_mtm => 9996.75
2025-02-05 15:08:38,518:INFO - Updated RSI_Gold_ctn => 9992.34
2025-02-05 15:08:39,729:INFO - Updated Gold => 1895.59
2025-02-05 15:08:39,924:INFO - Updated RSI_Gold_mtm => 9996.57
2025-02-05 15:08:40,078:INFO - Updated RSI_Gold_ctn => 9993.03
2025-02-05 15:08:41,247:INFO - Updated Gold => 1897.08
2025-02-05 15:08:41,412:INFO - Updated RSI_Gold_mtm => 9995.94
2025-02-05 15:08:41,596:INFO - Updated RSI_Gold_ctn => 9995.39
2025-02-05 15:08:42,757:INFO - Updated Gold => 1896.28
2025-02-05 15:08:42,919:INFO - Updated RSI_Gold_mtm => 9996.28
2025-02-05 15:08:43,095:INFO - Updated RSI_Gold_ctn => 9994.12
2025-02-05 15:08:43,838:INFO - Client disconnected. Total clients: 0
2025-02-05 15:08:43,838:INFO - connection closed
2025-02-05 15:08:43,851:INFO - connection open
2025-02-05 15:08:43,851:INFO - Client connected. Total clients: 1
2025-02-05 15:08:43,852:INFO - Sent initial price snapshot to client
2025-02-05 15:08:43,852:INFO - Sent initial positions snapshot to client
2025-02-05 15:08:44,291:INFO - Updated Gold => 1894.37
2025-02-05 15:08:44,457:INFO - Updated RSI_Gold_mtm => 9997.08
2025-02-05 15:08:44,634:INFO - Updated RSI_Gold_ctn => 9991.11
2025-02-05 15:08:45,841:INFO - Updated Gold => 1894.09
2025-02-05 15:08:46,009:INFO - Updated RSI_Gold_mtm => 9997.20
2025-02-05 15:08:46,211:INFO - Updated RSI_Gold_ctn => 9990.67
2025-02-05 15:08:47,403:INFO - Updated Gold => 1893.45
2025-02-05 15:08:47,578:INFO - Updated RSI_Gold_mtm => 9997.47
2025-02-05 15:08:47,757:INFO - Updated RSI_Gold_ctn => 9989.66
2025-02-05 15:08:47,949:INFO - Client disconnected. Total clients: 0
2025-02-05 15:08:47,949:INFO - connection closed
2025-02-05 15:08:47,960:INFO - connection open
2025-02-05 15:08:47,960:INFO - Client connected. Total clients: 1
2025-02-05 15:08:47,962:INFO - Sent initial price snapshot to client
2025-02-05 15:08:47,962:INFO - Sent initial positions snapshot to client
2025-02-05 15:08:48,916:INFO - Updated Gold => 1892.31
2025-02-05 15:08:49,075:INFO - Updated RSI_Gold_mtm => 9997.95
2025-02-05 15:08:49,256:INFO - Updated RSI_Gold_ctn => 9987.86
2025-02-05 15:08:50,435:INFO - Updated Gold => 1890.45
2025-02-05 15:08:50,616:INFO - Updated RSI_Gold_mtm => 9998.73
2025-02-05 15:08:50,809:INFO - Updated RSI_Gold_ctn => 9984.92
2025-02-05 15:08:50,812:INFO - Client disconnected. Total clients: 0
2025-02-05 15:08:50,813:INFO - connection closed
2025-02-05 15:08:50,814:INFO - connection open
2025-02-05 15:08:50,814:INFO - Client connected. Total clients: 1
2025-02-05 15:08:50,814:INFO - Sent initial price snapshot to client
2025-02-05 15:08:50,814:INFO - Sent initial positions snapshot to client
2025-02-05 15:08:52,002:INFO - Updated Gold => 1892.06
2025-02-05 15:08:52,174:INFO - Updated RSI_Gold_mtm => 9998.05
2025-02-05 15:08:52,334:INFO - Updated RSI_Gold_ctn => 9987.46
2025-02-05 15:08:53,493:INFO - Updated Gold => 1890.91
2025-02-05 15:08:53,654:INFO - Updated RSI_Gold_mtm => 9998.53
2025-02-05 15:08:53,808:INFO - Updated RSI_Gold_ctn => 9985.65
2025-02-05 15:08:55,027:INFO - Updated Gold => 1890.84
2025-02-05 15:08:55,212:INFO - Updated RSI_Gold_mtm => 9998.57
2025-02-05 15:08:55,372:INFO - Updated RSI_Gold_ctn => 9985.53
2025-02-05 15:08:56,534:INFO - Updated Gold => 1890.77
2025-02-05 15:08:56,705:INFO - Updated RSI_Gold_mtm => 9998.59
2025-02-05 15:08:56,865:INFO - Updated RSI_Gold_ctn => 9985.43
2025-02-05 15:08:57,605:INFO - Client disconnected. Total clients: 0
2025-02-05 15:08:57,605:INFO - connection closed
2025-02-05 15:08:57,614:INFO - connection open
2025-02-05 15:08:57,615:INFO - Client connected. Total clients: 1
2025-02-05 15:08:57,615:INFO - Sent initial price snapshot to client
2025-02-05 15:08:57,615:INFO - Sent initial positions snapshot to client
2025-02-05 15:08:58,017:INFO - Updated Gold => 1890.87
2025-02-05 15:08:58,177:INFO - Updated RSI_Gold_mtm => 9998.55
2025-02-05 15:08:58,404:INFO - Updated RSI_Gold_ctn => 9985.58
2025-02-05 15:08:59,562:INFO - Updated Gold => 1891.64
2025-02-05 15:08:59,750:INFO - Updated RSI_Gold_mtm => 9998.23
2025-02-05 15:08:59,918:INFO - Updated RSI_Gold_ctn => 9986.79
2025-02-05 15:09:01,082:INFO - Updated Gold => 1893.26
2025-02-05 15:09:01,243:INFO - Updated RSI_Gold_mtm => 9997.55
2025-02-05 15:09:01,428:INFO - Updated RSI_Gold_ctn => 9989.36
2025-02-05 15:09:02,586:INFO - Updated Gold => 1892.97
2025-02-05 15:09:02,769:INFO - Updated RSI_Gold_mtm => 9997.67
2025-02-05 15:09:02,966:INFO - Updated RSI_Gold_ctn => 9988.90
2025-02-05 15:09:04,160:INFO - Updated Gold => 1894.63
2025-02-05 15:09:04,345:INFO - Updated RSI_Gold_mtm => 9996.97
2025-02-05 15:09:04,577:INFO - Updated RSI_Gold_ctn => 9991.52
2025-02-05 15:09:05,737:INFO - Updated Gold => 1894.32
2025-02-05 15:09:05,901:INFO - Updated RSI_Gold_mtm => 9997.10
2025-02-05 15:09:06,087:INFO - Updated RSI_Gold_ctn => 9991.03
2025-02-05 15:09:07,282:INFO - Updated Gold => 1895.37
2025-02-05 15:09:07,446:INFO - Updated RSI_Gold_mtm => 9996.66
2025-02-05 15:09:07,610:INFO - Updated RSI_Gold_ctn => 9992.69
2025-02-05 15:09:08,774:INFO - Updated Gold => 1893.37
2025-02-05 15:09:08,951:INFO - Updated RSI_Gold_mtm => 9997.50
2025-02-05 15:09:09,123:INFO - Updated RSI_Gold_ctn => 9989.54
2025-02-05 15:09:10,336:INFO - Updated Gold => 1892.68
2025-02-05 15:09:10,494:INFO - Updated RSI_Gold_mtm => 9997.79
2025-02-05 15:09:10,674:INFO - Updated RSI_Gold_ctn => 9988.44
